2024-01-20 21:07:59,647 - cammer_logger - INFO - Running CAMmer
2024-01-20 21:07:59,654 - cammer_logger - INFO - ['-l', 'F.Cu,B.Cu,F.Paste,B.Paste,F.Silkscreen,B.Silkscreen,F.Mask,B.Mask', '-e', 'Edge.Cuts,User.Comments']
2024-01-20 21:07:59,655 - cammer_logger - INFO - CAMMER START: 2024-01-20T21:07:59.655360
2024-01-20 21:08:05,388 - cammer_logger - INFO - Running CAMmer
2024-01-20 21:08:05,388 - cammer_logger - INFO - ['-l', 'F.Cu,B.Cu,F.Paste,B.Paste,F.Silkscreen,B.Silkscreen,F.Mask,B.Mask', '-e', 'Edge.Cuts,User.Comments']
2024-01-20 21:08:05,388 - cammer_logger - INFO - CAMMER START: 2024-01-20T21:08:05.388326
2024-01-20 21:08:05,736 - cammer_logger - INFO - 
START: 2024-01-20T21:08:05.388326
Deleting existing C:\Users\New Lenny\Dropbox\Projects\SparkFun_AirQuality_Combo\Hardware\SparkFun_AirQuality_Combo.GTL
Renaming C:\Users\New Lenny\Dropbox\Projects\SparkFun_AirQuality_Combo\Hardware\SparkFun_AirQuality_Combo-F_Cu.gbr to C:\Users\New Lenny\Dropbox\Projects\SparkFun_AirQuality_Combo\Hardware\SparkFun_AirQuality_Combo.GTL
Renaming C:\Users\New Lenny\Dropbox\Projects\SparkFun_AirQuality_Combo\Hardware\SparkFun_AirQuality_Combo-B_Cu.gbr to C:\Users\New Lenny\Dropbox\Projects\SparkFun_AirQuality_Combo\Hardware\SparkFun_AirQuality_Combo.GBL
Renaming C:\Users\New Lenny\Dropbox\Projects\SparkFun_AirQuality_Combo\Hardware\SparkFun_AirQuality_Combo-F_Paste.gbr to C:\Users\New Lenny\Dropbox\Projects\SparkFun_AirQuality_Combo\Hardware\SparkFun_AirQuality_Combo.GTP
Renaming C:\Users\New Lenny\Dropbox\Projects\SparkFun_AirQuality_Combo\Hardware\SparkFun_AirQuality_Combo-B_Paste.gbr to C:\Users\New Lenny\Dropbox\Projects\SparkFun_AirQuality_Combo\Hardware\SparkFun_AirQuality_Combo.GBP
Renaming C:\Users\New Lenny\Dropbox\Projects\SparkFun_AirQuality_Combo\Hardware\SparkFun_AirQuality_Combo-F_Silkscreen.gbr to C:\Users\New Lenny\Dropbox\Projects\SparkFun_AirQuality_Combo\Hardware\SparkFun_AirQuality_Combo.GTO
Renaming C:\Users\New Lenny\Dropbox\Projects\SparkFun_AirQuality_Combo\Hardware\SparkFun_AirQuality_Combo-B_Silkscreen.gbr to C:\Users\New Lenny\Dropbox\Projects\SparkFun_AirQuality_Combo\Hardware\SparkFun_AirQuality_Combo.GBO
Renaming C:\Users\New Lenny\Dropbox\Projects\SparkFun_AirQuality_Combo\Hardware\SparkFun_AirQuality_Combo-F_Mask.gbr to C:\Users\New Lenny\Dropbox\Projects\SparkFun_AirQuality_Combo\Hardware\SparkFun_AirQuality_Combo.GTS
Renaming C:\Users\New Lenny\Dropbox\Projects\SparkFun_AirQuality_Combo\Hardware\SparkFun_AirQuality_Combo-B_Mask.gbr to C:\Users\New Lenny\Dropbox\Projects\SparkFun_AirQuality_Combo\Hardware\SparkFun_AirQuality_Combo.GBS
Renaming C:\Users\New Lenny\Dropbox\Projects\SparkFun_AirQuality_Combo\Hardware\SparkFun_AirQuality_Combo-Edge_Cuts.gbr to C:\Users\New Lenny\Dropbox\Projects\SparkFun_AirQuality_Combo\Hardware\SparkFun_AirQuality_Combo.GKO
Drill report: C:\Users\New Lenny\Dropbox\Projects\SparkFun_AirQuality_Combo\Hardware\drill_report.rpt

2024-01-20 21:08:05,779 - cammer_logger - INFO - CAMmer complete
