2024-03-13 14:29:14,383 - cammer_logger - INFO - Running CAMmer
2024-03-13 14:29:14,384 - cammer_logger - INFO - ['-l', 'F.Cu,B.Cu,F.Paste,B.Paste,F.Silkscreen,B.Silkscreen,F.Mask,B.Mask', '-e', 'Edge.Cuts,User.Comments']
2024-03-13 14:29:14,384 - cammer_logger - INFO - CAMMER START: 2024-03-13T14:29:14.384538
2024-03-13 14:29:16,629 - cammer_logger - INFO - Running CAMmer
2024-03-13 14:29:16,629 - cammer_logger - INFO - ['-l', 'F.Cu,B.Cu,F.Paste,B.Paste,F.Silkscreen,B.Silkscreen,F.Mask,B.Mask', '-e', 'Edge.Cuts,User.Comments']
2024-03-13 14:29:16,630 - cammer_logger - INFO - CAMMER START: 2024-03-13T14:29:16.630976
2024-03-13 14:29:21,660 - cammer_logger - INFO - Running CAMmer
2024-03-13 14:29:21,666 - cammer_logger - INFO - ['-l', 'F.Cu,B.Cu,F.Paste,B.Paste,F.Silkscreen,B.Silkscreen,F.Mask,B.Mask', '-e', 'Edge.Cuts,User.Comments']
2024-03-13 14:29:21,666 - cammer_logger - INFO - CAMMER START: 2024-03-13T14:29:21.666650
2024-03-13 14:29:21,906 - cammer_logger - INFO - 
START: 2024-03-13T14:29:21.666650
Deleting existing C:\Users\nathan.seidle\Dropbox\Projects\SparkFun_AirQuality_Combo\Hardware\Production\SparkFun Indoor Air Quality Sensor - SCD41 SEN55_panelized.GTL
Renaming C:\Users\nathan.seidle\Dropbox\Projects\SparkFun_AirQuality_Combo\Hardware\Production\SparkFun Indoor Air Quality Sensor - SCD41 SEN55_panelized-F_Cu.gbr to C:\Users\nathan.seidle\Dropbox\Projects\SparkFun_AirQuality_Combo\Hardware\Production\SparkFun Indoor Air Quality Sensor - SCD41 SEN55_panelized.GTL
Deleting existing C:\Users\nathan.seidle\Dropbox\Projects\SparkFun_AirQuality_Combo\Hardware\Production\SparkFun Indoor Air Quality Sensor - SCD41 SEN55_panelized.GBL
Renaming C:\Users\nathan.seidle\Dropbox\Projects\SparkFun_AirQuality_Combo\Hardware\Production\SparkFun Indoor Air Quality Sensor - SCD41 SEN55_panelized-B_Cu.gbr to C:\Users\nathan.seidle\Dropbox\Projects\SparkFun_AirQuality_Combo\Hardware\Production\SparkFun Indoor Air Quality Sensor - SCD41 SEN55_panelized.GBL
Renaming C:\Users\nathan.seidle\Dropbox\Projects\SparkFun_AirQuality_Combo\Hardware\Production\SparkFun Indoor Air Quality Sensor - SCD41 SEN55_panelized-F_Paste.gbr to C:\Users\nathan.seidle\Dropbox\Projects\SparkFun_AirQuality_Combo\Hardware\Production\SparkFun Indoor Air Quality Sensor - SCD41 SEN55_panelized.GTP
Renaming C:\Users\nathan.seidle\Dropbox\Projects\SparkFun_AirQuality_Combo\Hardware\Production\SparkFun Indoor Air Quality Sensor - SCD41 SEN55_panelized-B_Paste.gbr to C:\Users\nathan.seidle\Dropbox\Projects\SparkFun_AirQuality_Combo\Hardware\Production\SparkFun Indoor Air Quality Sensor - SCD41 SEN55_panelized.GBP
Renaming C:\Users\nathan.seidle\Dropbox\Projects\SparkFun_AirQuality_Combo\Hardware\Production\SparkFun Indoor Air Quality Sensor - SCD41 SEN55_panelized-F_Silkscreen.gbr to C:\Users\nathan.seidle\Dropbox\Projects\SparkFun_AirQuality_Combo\Hardware\Production\SparkFun Indoor Air Quality Sensor - SCD41 SEN55_panelized.GTO
Renaming C:\Users\nathan.seidle\Dropbox\Projects\SparkFun_AirQuality_Combo\Hardware\Production\SparkFun Indoor Air Quality Sensor - SCD41 SEN55_panelized-B_Silkscreen.gbr to C:\Users\nathan.seidle\Dropbox\Projects\SparkFun_AirQuality_Combo\Hardware\Production\SparkFun Indoor Air Quality Sensor - SCD41 SEN55_panelized.GBO
Renaming C:\Users\nathan.seidle\Dropbox\Projects\SparkFun_AirQuality_Combo\Hardware\Production\SparkFun Indoor Air Quality Sensor - SCD41 SEN55_panelized-F_Mask.gbr to C:\Users\nathan.seidle\Dropbox\Projects\SparkFun_AirQuality_Combo\Hardware\Production\SparkFun Indoor Air Quality Sensor - SCD41 SEN55_panelized.GTS
Renaming C:\Users\nathan.seidle\Dropbox\Projects\SparkFun_AirQuality_Combo\Hardware\Production\SparkFun Indoor Air Quality Sensor - SCD41 SEN55_panelized-B_Mask.gbr to C:\Users\nathan.seidle\Dropbox\Projects\SparkFun_AirQuality_Combo\Hardware\Production\SparkFun Indoor Air Quality Sensor - SCD41 SEN55_panelized.GBS
Renaming C:\Users\nathan.seidle\Dropbox\Projects\SparkFun_AirQuality_Combo\Hardware\Production\SparkFun Indoor Air Quality Sensor - SCD41 SEN55_panelized-Edge_Cuts.gbr to C:\Users\nathan.seidle\Dropbox\Projects\SparkFun_AirQuality_Combo\Hardware\Production\SparkFun Indoor Air Quality Sensor - SCD41 SEN55_panelized.GKO
Drill report: C:\Users\nathan.seidle\Dropbox\Projects\SparkFun_AirQuality_Combo\Hardware\Production\drill_report.rpt

2024-03-13 14:29:21,975 - cammer_logger - INFO - CAMmer complete
